[2022-06-28T15:15:44.062] [ERROR] default - no se seleccion imagen
[2022-06-28T16:01:17.650] [ERROR] default - ReferenceError: mailOptions is not defined
    at singup (file:///C:/Work%20Space/Tercera%20entrega%20de%20project/src/controllers/auth.controllers.js:56:45)
    at processTicksAndRejections (node:internal/process/task_queues:96:5)
[2022-06-28T16:02:14.148] [ERROR] default - ReferenceError: erros is not defined
    at singup (file:///C:/Work%20Space/Tercera%20entrega%20de%20project/src/controllers/auth.controllers.js:21:20)
    at Layer.handle [as handle_request] (C:\Work Space\Tercera entrega de project\node_modules\express\lib\router\layer.js:95:5)
    at next (C:\Work Space\Tercera entrega de project\node_modules\express\lib\router\route.js:144:13)
    at Route.dispatch (C:\Work Space\Tercera entrega de project\node_modules\express\lib\router\route.js:114:3)
    at Layer.handle [as handle_request] (C:\Work Space\Tercera entrega de project\node_modules\express\lib\router\layer.js:95:5)
    at C:\Work Space\Tercera entrega de project\node_modules\express\lib\router\index.js:284:15
    at Function.process_params (C:\Work Space\Tercera entrega de project\node_modules\express\lib\router\index.js:346:12)
    at next (C:\Work Space\Tercera entrega de project\node_modules\express\lib\router\index.js:280:10)
    at Function.handle (C:\Work Space\Tercera entrega de project\node_modules\express\lib\router\index.js:175:3)
    at router (C:\Work Space\Tercera entrega de project\node_modules\express\lib\router\index.js:47:12)
[2022-06-28T16:03:37.026] [ERROR] default - [ { text: 'Passwords deben tener como minimo 4 caracteres.' } ]
[2022-06-28T18:47:22.236] [ERROR] default - ReferenceError: precio is not defined
    at confirmarCompra (file:///C:/Work%20Space/Tercera%20entrega%20de%20project/src/controllers/carrito.controller.js:32:125)
    at Layer.handle [as handle_request] (C:\Work Space\Tercera entrega de project\node_modules\express\lib\router\layer.js:95:5)
    at next (C:\Work Space\Tercera entrega de project\node_modules\express\lib\router\route.js:144:13)
    at isAuthenticated (file:///C:/Work%20Space/Tercera%20entrega%20de%20project/src/helpers/auth.js:3:12)
    at Layer.handle [as handle_request] (C:\Work Space\Tercera entrega de project\node_modules\express\lib\router\layer.js:95:5)
    at next (C:\Work Space\Tercera entrega de project\node_modules\express\lib\router\route.js:144:13)
    at Route.dispatch (C:\Work Space\Tercera entrega de project\node_modules\express\lib\router\route.js:114:3)
    at Layer.handle [as handle_request] (C:\Work Space\Tercera entrega de project\node_modules\express\lib\router\layer.js:95:5)
    at C:\Work Space\Tercera entrega de project\node_modules\express\lib\router\index.js:284:15
    at param (C:\Work Space\Tercera entrega de project\node_modules\express\lib\router\index.js:365:14)
[2022-06-28T19:13:15.407] [ERROR] default - RestException [Error]: Twilio could not find a Channel with the specified From address
    at success (C:\Work Space\Tercera entrega de project\node_modules\twilio\lib\base\Version.js:135:15)
    at Promise_then_fulfilled (C:\Work Space\Tercera entrega de project\node_modules\q\q.js:766:44)
    at Promise_done_fulfilled (C:\Work Space\Tercera entrega de project\node_modules\q\q.js:835:31)
    at Fulfilled_dispatch [as dispatch] (C:\Work Space\Tercera entrega de project\node_modules\q\q.js:1229:9)
    at Pending_become_eachMessage_task (C:\Work Space\Tercera entrega de project\node_modules\q\q.js:1369:30)
    at RawTask.call (C:\Work Space\Tercera entrega de project\node_modules\asap\asap.js:40:19)
    at flush (C:\Work Space\Tercera entrega de project\node_modules\asap\raw.js:50:29)
    at processTicksAndRejections (node:internal/process/task_queues:78:11) {
  status: 400,
  code: 63007,
  moreInfo: 'https://www.twilio.com/docs/errors/63007',
  details: undefined
}
[2022-06-28T19:39:40.564] [ERROR] default - RestException [Error]: Twilio could not find a Channel with the specified From address
    at success (C:\Work Space\Tercera entrega de project\node_modules\twilio\lib\base\Version.js:135:15)
    at Promise_then_fulfilled (C:\Work Space\Tercera entrega de project\node_modules\q\q.js:766:44)
    at Promise_done_fulfilled (C:\Work Space\Tercera entrega de project\node_modules\q\q.js:835:31)
    at Fulfilled_dispatch [as dispatch] (C:\Work Space\Tercera entrega de project\node_modules\q\q.js:1229:9)
    at Pending_become_eachMessage_task (C:\Work Space\Tercera entrega de project\node_modules\q\q.js:1369:30)
    at RawTask.call (C:\Work Space\Tercera entrega de project\node_modules\asap\asap.js:40:19)
    at flush (C:\Work Space\Tercera entrega de project\node_modules\asap\raw.js:50:29)
    at processTicksAndRejections (node:internal/process/task_queues:78:11) {
  status: 400,
  code: 63007,
  moreInfo: 'https://www.twilio.com/docs/errors/63007',
  details: undefined
}
[2022-06-28T19:45:40.688] [ERROR] default - RestException [Error]: Twilio could not find a Channel with the specified From address
    at success (C:\Work Space\Tercera entrega de project\node_modules\twilio\lib\base\Version.js:135:15)
    at Promise_then_fulfilled (C:\Work Space\Tercera entrega de project\node_modules\q\q.js:766:44)
    at Promise_done_fulfilled (C:\Work Space\Tercera entrega de project\node_modules\q\q.js:835:31)
    at Fulfilled_dispatch [as dispatch] (C:\Work Space\Tercera entrega de project\node_modules\q\q.js:1229:9)
    at Pending_become_eachMessage_task (C:\Work Space\Tercera entrega de project\node_modules\q\q.js:1369:30)
    at RawTask.call (C:\Work Space\Tercera entrega de project\node_modules\asap\asap.js:40:19)
    at flush (C:\Work Space\Tercera entrega de project\node_modules\asap\raw.js:50:29)
    at processTicksAndRejections (node:internal/process/task_queues:78:11) {
  status: 400,
  code: 63007,
  moreInfo: 'https://www.twilio.com/docs/errors/63007',
  details: undefined
}
[2022-06-28T19:47:03.313] [ERROR] default - RestException [Error]: Twilio could not find a Channel with the specified From address
    at success (C:\Work Space\Tercera entrega de project\node_modules\twilio\lib\base\Version.js:135:15)
    at Promise_then_fulfilled (C:\Work Space\Tercera entrega de project\node_modules\q\q.js:766:44)
    at Promise_done_fulfilled (C:\Work Space\Tercera entrega de project\node_modules\q\q.js:835:31)
    at Fulfilled_dispatch [as dispatch] (C:\Work Space\Tercera entrega de project\node_modules\q\q.js:1229:9)
    at Pending_become_eachMessage_task (C:\Work Space\Tercera entrega de project\node_modules\q\q.js:1369:30)
    at RawTask.call (C:\Work Space\Tercera entrega de project\node_modules\asap\asap.js:40:19)
    at flush (C:\Work Space\Tercera entrega de project\node_modules\asap\raw.js:50:29)
    at processTicksAndRejections (node:internal/process/task_queues:78:11) {
  status: 400,
  code: 63007,
  moreInfo: 'https://www.twilio.com/docs/errors/63007',
  details: undefined
}
[2022-06-28T19:47:23.472] [ERROR] default - RestException [Error]: Twilio could not find a Channel with the specified From address
    at success (C:\Work Space\Tercera entrega de project\node_modules\twilio\lib\base\Version.js:135:15)
    at Promise_then_fulfilled (C:\Work Space\Tercera entrega de project\node_modules\q\q.js:766:44)
    at Promise_done_fulfilled (C:\Work Space\Tercera entrega de project\node_modules\q\q.js:835:31)
    at Fulfilled_dispatch [as dispatch] (C:\Work Space\Tercera entrega de project\node_modules\q\q.js:1229:9)
    at Pending_become_eachMessage_task (C:\Work Space\Tercera entrega de project\node_modules\q\q.js:1369:30)
    at RawTask.call (C:\Work Space\Tercera entrega de project\node_modules\asap\asap.js:40:19)
    at flush (C:\Work Space\Tercera entrega de project\node_modules\asap\raw.js:50:29)
    at processTicksAndRejections (node:internal/process/task_queues:78:11) {
  status: 400,
  code: 63007,
  moreInfo: 'https://www.twilio.com/docs/errors/63007',
  details: undefined
}
